<?xml version="1.0" encoding="UTF-8"?>
<!-- Generated by org.testng.reporters.JUnitReportReporter -->
<testsuite hostname="CPX-NDZQDBFQ5OP" failures="0" tests="1" name="com.introselenium.Tests.Google_Test" time="0.174" errors="0" timestamp="2021-10-31T18:59:15 ART" skipped="0">
  <testcase classname="com.introselenium.Tests.Google_Test" name="test" time="0.174"/>
  <system-out/>
</testsuite> <!-- com.introselenium.Tests.Google_Test -->
